{ Using PSTWRITER 16.6.0 d001May-17-2019 at 09:39:54 }

#1 WARNING(ORCAP-36038): "No_connect" property on Pin "DCIN1.3" ignored for DCIN1: SCHEMATIC1, 02_Power (0.60, 1.00). Connecting pin to net "3".
#2 WARNING(ORCAP-36006): Part Name "CAP NP_0_C0603_100NF_C0603C104K8RACTU" is renamed to "CAP NP_0_C0603_100NF_C0603C104K".
#3 WARNING(ORCAP-36006): Part Name "CAP NP_0_C0603_2.2UF_CL10B225KQ8NFNC" is renamed to "CAP NP_0_C0603_2.2UF_CL10B225KQ".
#4 WARNING(ORCAP-36006): Part Name "CAP NP_0_C0603_18PF_CL10C180JB8NNNC" is renamed to "CAP NP_0_C0603_18PF_CL10C180JB8".
#5 WARNING(ORCAP-36006): Part Name "CAP NP_C0603_DISCRETE_100NF_C0603C104K8RACTU" is renamed to "CAP NP_C0603_DISCRETE_100NF_C06".
#6 WARNING(ORCAP-36006): Part Name "CAP NP_0_C0603_100PF_C0603C104K8RACTU" is renamed to "CAP NP_0_C0603_100PF_C0603C104K".
#7 WARNING(ORCAP-36006): Part Name "CAP NP_0_C0603_15PF_CL10C150JC8NNNC" is renamed to "CAP NP_0_C0603_15PF_CL10C150JC8".
#8 WARNING(ORCAP-36006): Part Name "CAP NP_0_C0603_22NF_CL10B223KB8NNNC" is renamed to "CAP NP_0_C0603_22NF_CL10B223KB8".
#9 WARNING(ORCAP-36006): Part Name "CAP 0603_C0805_10UF_CC0603KRX7R9BB103" is renamed to "CAP 0603_C0805_10UF_CC0603KRX7R".
#10 WARNING(ORCAP-36006): Part Name "CAP 0603_C0603_1UF_CC0603KRX7R9BB103" is renamed to "CAP 0603_C0603_1UF_CC0603KRX7R9".
#11 WARNING(ORCAP-36006): Part Name "CAP_CAP_AL_D_220UF/10V_875105244013" is renamed to "CAP_CAP_AL_D_220UF/10V_87510524".
#12 WARNING(ORCAP-36006): Part Name "SLVU2_0.8/SOT23_8-XFDFN_UCLAMP3312T" is renamed to "SLVU2_0.8/SOT23_8-XFDFN_UCLAMP3".
#13 WARNING(ORCAP-36006): Part Name "HEADER 8_HEADER8PITCH3P81MM_HEADER 8" is renamed to "HEADER 8_HEADER8PITCH3P81MM_HEA".
#14 WARNING(ORCAP-36006): Part Name "HEADER 2_HEADER2-PITCH3P96-B2P_VH_HEADER 2" is renamed to "HEADER 2_HEADER2-PITCH3P96-B2P_".
#15 WARNING(ORCAP-36006): Part Name "RESISTOR_0_R0603_4.7K_RC0603JR-074K7L" is renamed to "RESISTOR_0_R0603_4.7K_RC0603JR-".
#16 WARNING(ORCAP-36006): Part Name "RESISTOR_0_R0603_49.9R_RC0603FR-0749R9L" is renamed to "RESISTOR_0_R0603_49.9R_RC0603FR".
#17 WARNING(ORCAP-36006): Part Name "RES-SM0402_0_R0603_DISCRETE_49.9K" is renamed to "RES-SM0402_0_R0603_DISCRETE_49.".
#18 WARNING(ORCAP-36006): Part Name "RESISTOR_0_R0603_22R_RC0603JR-074K7L" is renamed to "RESISTOR_0_R0603_22R_RC0603JR-0".
#19 WARNING(ORCAP-36006): Part Name "BUTTON_FSM_1_SIDE_SW_PTS645SK43SMTR92" is renamed to "BUTTON_FSM_1_SIDE_SW_PTS645SK43".
#20 WARNING(ORCAP-36006): Part Name "SW PUSHBUTTON-SPST-2_TAMPERSW-ESE11MV1_DETECT SW" is renamed to "SW PUSHBUTTON-SPST-2_TAMPERSW-E".
#21 WARNING(ORCAP-36006): Part Name "STM32F407_2_LQFP-100_STM32F407_100PIN_STM32F407VGT6" is renamed to "STM32F407_2_LQFP-100_STM32F407_".
#22 WARNING(ORCAP-36042): Pin "VSS" is renamed to "VSS#10" as visible power pin of same name already exists in Package Stm32f407_2 , U1: SCHEMATIC1, 01_MCU (3.90, 1.80).
#23 WARNING(ORCAP-36042): Pin "VDD" is renamed to "VDD#11" as visible power pin of same name already exists in Package Stm32f407_2 , U1: SCHEMATIC1, 01_MCU (3.90, 1.80).
#24 WARNING(ORCAP-36042): Pin "VDD" is renamed to "VDD#19" as visible power pin of same name already exists in Package Stm32f407_2 , U1: SCHEMATIC1, 01_MCU (3.90, 1.80).
#25 WARNING(ORCAP-36042): Pin "VDD" is renamed to "VDD#75" as visible power pin of same name already exists in Package Stm32f407_2 , U1: SCHEMATIC1, 01_MCU (3.90, 1.80).
#26 WARNING(ORCAP-36042): Pin "VSS" is renamed to "VSS#74" as visible power pin of same name already exists in Package Stm32f407_2 , U1: SCHEMATIC1, 01_MCU (3.90, 1.80).
#27 WARNING(ORCAP-36042): Pin "VDD" is renamed to "VDD#100" as visible power pin of same name already exists in Package Stm32f407_2 , U1: SCHEMATIC1, 01_MCU (3.90, 1.80).
#28 WARNING(ORCAP-36042): Pin "VSS" is renamed to "VSS#99" as visible power pin of same name already exists in Package Stm32f407_2 , U1: SCHEMATIC1, 01_MCU (3.90, 1.80).
#29 WARNING(ORCAP-36042): Pin "VSS" is renamed to "VSS#27" as visible power pin of same name already exists in Package Stm32f407_2 , U1: SCHEMATIC1, 01_MCU (3.90, 1.80).
#30 WARNING(ORCAP-36042): Pin "VDD" is renamed to "VDD#28" as visible power pin of same name already exists in Package Stm32f407_2 , U1: SCHEMATIC1, 01_MCU (3.90, 1.80).
#31 WARNING(ORCAP-36042): Pin "VDD" is renamed to "VDD#50" as visible power pin of same name already exists in Package Stm32f407_2 , U1: SCHEMATIC1, 01_MCU (3.90, 1.80).
#32 WARNING(ORCAP-36006): Part Name "STM1818_SOT-23-3_STM1818_STM1818TWX7F" is renamed to "STM1818_SOT-23-3_STM1818_STM181".
#33 WARNING(ORCAP-36006): Part Name "RT9193-33GB_1_SOT-223_LM1117 3.3V_LM1117MPX-3.3/NOPB" is renamed to "RT9193-33GB_1_SOT-223_LM1117 3.".
#34 WARNING(ORCAP-36006): Part Name "CRYSTAL-4_0_CRY3225_M_12M-18PPM_ABM8-12.000MHZ-B2-T" is renamed to "CRYSTAL-4_0_CRY3225_M_12M-18PPM".
#35 WARNING(ORCAP-36006): Part Name "CRYSTAL_1_CRYRTC32768_32768HZ_AB38T-32.768KHZ" is renamed to "CRYSTAL_1_CRYRTC32768_32768HZ_A".
#36 WARNING(ORCAP-36006): Part Name "OSC4/SM_1_HCMOS5X32_F535L-50_FXO-HC735-50" is renamed to "OSC4/SM_1_HCMOS5X32_F535L-50_FX".
INFO(ORCAP-36080): Scanning netlist files ...

Loading... E:\04_PROJECT\12_ANHBAO\02_RFID_NFC\16_CONTROLLER\01_SCHEMATIC/pstchip.dat

Loading... E:\04_PROJECT\12_ANHBAO\02_RFID_NFC\16_CONTROLLER\01_SCHEMATIC/pstchip.dat

Loading... E:\04_PROJECT\12_ANHBAO\02_RFID_NFC\16_CONTROLLER\01_SCHEMATIC/pstxprt.dat

Loading... E:\04_PROJECT\12_ANHBAO\02_RFID_NFC\16_CONTROLLER\01_SCHEMATIC/pstxnet.dat
packaging the design view...