(---------------------------------------------------------------------)
(                                                                     )
(    Unplaced Symbol Availability Check                               )
(                                                                     )
(    Drawing          : Z-WAVE PROG_new.brd                           )
(    Software Version : 16.6S049                                      )
(    Date/Time        : Mon Aug 05 10:11:04 2019                      )
(                                                                     )
(---------------------------------------------------------------------)


Current PSMPATH consists of:
	E:/TTTN/Orcad/lib/0_Lib/1_Footprint
	.
	symbols
	..
	../symbols
	C:/Cadence/SPB_16.6/share/local/pcb/symbols
	C:/Cadence/SPB_16.6/share/pcb/pcb_lib/symbols
	C:/Cadence/SPB_16.6/share/pcb/allegrolib/symbols


All Symbols Found

Total symbols placed:      51 out of 51


