(---------------------------------------------------------------------)
(                                                                     )
(    NC DRILL Log                                                     )
(                                                                     )
(    Drawing          : controller.brd                                )
(    Software Version : 16.6S034                                      )
(    Date/Time        : Fri May 17 09:49:34 2019                      )
(                                                                     )
(---------------------------------------------------------------------)



 Processing NC Parameters file 'nc_param.txt' ...

 NC PARAMETERS
 -------------

 FORMAT   		2.5
 MACHINE-OFFSET		x:0.000000	y:0.000000
 FEEDRATE		1
 COORDINATES		ABSOLUTE
 OUTPUT-UNITS		ENGLISH
 TOOL-ORDER		INCREASING
 REPEAT-CODES		NO
 SUPPRESS-LEAD-ZEROES	NO
 SUPPRESS-TRAIL-ZEROES	NO
 SUPPRESS-EQUAL		NO
 TOOL-SELECT		YES
 HEADER			none
 LEADER			12
 CODE			ASCII
 SEPARATE		NO
 SEPARATE-ROUTING	NO
 OPTIMIZE_DRILLING	NO
 ENHANCED_EXCELLON	NO
 SCALE			1.000000

 WARNING(SPMHMF-368): Cannot find NC Drill tool file 'nc_tools.txt'
 WARNING(SPMHMF-369): ... will auto-generate tool file 'nc_tools_auto.txt'.


     Auto-generating tool file 'nc_tools_auto.txt' ...

           Size  Plating  Tool        + Tolerance  - Tolerance

           24.0  P        T01            0.000000     0.000000
           25.0  P        T02            0.500000     0.500000
           30.0  P        T03            0.000000     0.000000
           35.0  P        T04            0.000000     0.000000
           36.0  P        T05            0.000000     0.000000
           40.0  P        T06            0.000000     0.000000
           44.0  P        T07            0.000000     0.000000
           45.0  P        T08            0.000000     0.000000
           50.0  P        T09            0.000000     0.000000
           51.2  P        T10            0.000000     0.000000
           65.0  P        T11            0.000000     0.000000
           80.0  P        T12            0.000000     0.000000
          120.0  P        T13            0.000000     0.000000
          140.0  P        T14            0.000000     0.000000
           47.0  N        T15            0.000000     0.000000
           51.0  N        T16            0.000000     0.000000
          135.0  N        T17            0.000000     0.000000


 Drill files being output to directory 'E:/04_Project/12_anhBao/02_RFID_NFC/16_Controller/04_gerber' ...



     'controller_a-1-2.drl' created for holes connecting TOP and BOTTOM
     ------------------------------------------------------------------

     Tool  Num     Size      +/- Tolerance     Plating   Quantity

     T01    1.  24.0000    0.0000/  0.0000      PLATED        280
     T02    2.  25.0000    0.5000/  0.5000      PLATED          2
     T03    3.  30.0000    0.0000/  0.0000      PLATED          2
     T04    4.  35.0000    0.0000/  0.0000      PLATED          7
     T05    5.  36.0000    0.0000/  0.0000      PLATED         40
     T06    6.  40.0000    0.0000/  0.0000      PLATED         36
     T07    7.  44.0000    0.0000/  0.0000      PLATED          4
     T08    8.  45.0000    0.0000/  0.0000      PLATED          9
     T09    9.  50.0000    0.0000/  0.0000      PLATED         20
     T10   10.  51.2000    0.0000/  0.0000      PLATED          2
     T11   11.  65.0000    0.0000/  0.0000      PLATED         10
     T12   12.  80.0000    0.0000/  0.0000      PLATED          2
     T13   13. 120.0000    0.0000/  0.0000      PLATED          4
     T14   14. 140.0000    0.0000/  0.0000      PLATED          2
     T15   15.  47.0000    0.0000/  0.0000  NON_PLATED          1
     T16   16.  51.0000    0.0000/  0.0000  NON_PLATED          1
     T17   17. 135.0000    0.0000/  0.0000  NON_PLATED         10

     ---- Total holes:                                        432

     ---- Total head travel:              15.48 feet (4.72 meters)

