(---------------------------------------------------------------------)
(                                                                     )
(    NC DRILL Log                                                     )
(                                                                     )
(    Drawing          : ZWAVE_BOOSTERPACK.brd                         )
(    Software Version : 16.6S049                                      )
(    Date/Time        : Wed Oct 02 09:35:30 2019                      )
(                                                                     )
(---------------------------------------------------------------------)



 Processing NC Parameters file 'nc_param.txt' ...

 NC PARAMETERS
 -------------

 FORMAT   		2.5
 MACHINE-OFFSET		x:0.000000	y:0.000000
 FEEDRATE		1
 COORDINATES		ABSOLUTE
 OUTPUT-UNITS		ENGLISH
 TOOL-ORDER		INCREASING
 REPEAT-CODES		NO
 SUPPRESS-LEAD-ZEROES	NO
 SUPPRESS-TRAIL-ZEROES	NO
 SUPPRESS-EQUAL		NO
 TOOL-SELECT		NO
 HEADER			none
 LEADER			12
 CODE			ASCII
 SEPARATE		NO
 SEPARATE-ROUTING	NO
 OPTIMIZE_DRILLING	YES
 ENHANCED_EXCELLON	NO
 SCALE			1.000000

 WARNING(SPMHMF-360): Design precision is greater than that of the drill output file data.
 WARNING(SPMHMF-361): Data rounding errors are very possible.


Drill files being output to directory 'E:/TTTN/Z-WARE_PIRANTHENA/ZWAVE_BOOSTERPACK/ALLEGRO' ...



     'ZWAVE_BOOSTERPACK_D-1-2.drl' created for holes connecting TOP and BOTTOM
     -------------------------------------------------------------------------

           Num     Size      +/- Tolerance     Plating   Quantity

            1.  24.0000    0.0000/  0.0000      PLATED         39
            2.  35.0000    0.0000/  0.0000      PLATED          2
            3.  40.0000    0.0000/  0.0000      PLATED          7
            4.  40.0000    5.0000/  0.0000      PLATED          1
            5.  47.2440    0.0000/  0.0000      PLATED          1
            6.  50.0000    0.0000/  0.0000      PLATED         11
            7.  55.0000    0.0000/  0.0000      PLATED          7
            8. 160.0000    0.0000/  0.0000  NON_PLATED          1

     ---- Total holes:                                         69

     ---- Total head travel:              1.68 feet (0.51 meters)

