(---------------------------------------------------------------------)
(                                                                     )
(    Allegro Netrev Import Logic                                      )
(                                                                     )
(    Drawing          : ZWAVE_BOOSTERPACK.brd                         )
(    Software Version : 16.6S049                                      )
(    Date/Time        : Thu Oct 31 13:50:25 2019                      )
(                                                                     )
(---------------------------------------------------------------------)


------ Directives ------------

Ripup etch:                  No
Ripup delete first segment:  No
Ripup retain bondwire:       No
Ripup symbols:               Always
Missing symbol has error:    No
DRC update:                  Yes
Schematic directory:         'E:\TTTN\Z-WARE_PIRANTHENA\ZWAVE_BOOSTERPACK\ALLEGRO'
Design Directory:            'E:/TTTN/Z-WARE_PIRANTHENA/allegro'
Old design name:             'E:/TTTN/Z-ware_PirAnthena/Zwave_BoosterPack/allegro/ZWAVE_BOOSTERPACK.brd'
New design name:             'E:/TTTN/Z-WARE_PIRANTHENA/allegro/ZWAVE_BOOSTERPACK.brd'

CmdLine: netrev.exe -y 1 -i E:\TTTN\Z-WARE_PIRANTHENA\ZWAVE_BOOSTERPACK\ALLEGRO E:\TTTN\Z-ware_PirAnthena\Zwave_BoosterPack\allegro\ZWAVE_BOOSTERPACK.brd E:\TTTN\Z-WARE_PIRANTHENA\allegro\ZWAVE_BOOSTERPACK.brd

------ Preparing to read pst files ------

Starting to read E:/TTTN/Z-WARE_PIRANTHENA/ZWAVE_BOOSTERPACK/ALLEGRO/pstchip.dat 
   Finished reading E:/TTTN/Z-WARE_PIRANTHENA/ZWAVE_BOOSTERPACK/ALLEGRO/pstchip.dat (00:00:00.06)
Starting to read E:/TTTN/Z-WARE_PIRANTHENA/ZWAVE_BOOSTERPACK/ALLEGRO/pstxprt.dat 
   Finished reading E:/TTTN/Z-WARE_PIRANTHENA/ZWAVE_BOOSTERPACK/ALLEGRO/pstxprt.dat (00:00:00.00)
Starting to read E:/TTTN/Z-WARE_PIRANTHENA/ZWAVE_BOOSTERPACK/ALLEGRO/pstxnet.dat 
   Finished reading E:/TTTN/Z-WARE_PIRANTHENA/ZWAVE_BOOSTERPACK/ALLEGRO/pstxnet.dat (00:00:00.00)

------ Oversights/Warnings/Errors ------


------ Library Paths ------
MODULEPATH =  . 
           C:/Cadence/SPB_16.6/share/local/pcb/modules 
           E:/TTTN/Orcad/lib/0_Lib/1_Footprint 

PSMPATH =  E:/TTTN/Orcad/lib/0_Lib/1_Footprint 
           . 
           symbols 
           .. 
           ../symbols 
           C:/Cadence/SPB_16.6/share/local/pcb/symbols 
           C:/Cadence/SPB_16.6/share/pcb/pcb_lib/symbols 
           C:/Cadence/SPB_16.6/share/pcb/allegrolib/symbols 
           . 

PADPATH =  E:/TTTN/Orcad/lib/0_Lib/1_Footprint 
           . 
           symbols 
           .. 
           ../symbols 
           C:/Cadence/SPB_16.6/share/local/pcb/padstacks 
           C:/Cadence/SPB_16.6/share/pcb/pcb_lib/symbols 
           C:/Cadence/SPB_16.6/share/pcb/allegrolib/symbols 


------ Summary Statistics ------


netrev run on Oct 31 13:50:25 2019
   DESIGN NAME : 'ZWAVE_BOOSTERPACK'
   PACKAGING ON Oct 15 2014 05:53:32

   COMPILE 'logic'
   CHECK_PIN_NAMES OFF
   CROSS_REFERENCE OFF
   FEEDBACK OFF
   INCREMENTAL OFF
   INTERFACE_TYPE PHYSICAL
   MAX_ERRORS 500
   MERGE_MINIMUM 5
   NET_NAME_CHARS '#%&()*+-./:=>?@[]^_`|'
   NET_NAME_LENGTH 24
   OVERSIGHTS ON
   REPLACE_CHECK OFF
   SINGLE_NODE_NETS ON
   SPLIT_MINIMUM 0
   SUPPRESS   20
   WARNINGS ON

 No error detected
 No oversight detected
 No warning detected

cpu time      0:00:53
elapsed time  0:00:01

