(---------------------------------------------------------------------)
(                                                                     )
(    STEP Export                                                      )
(                                                                     )
(    Software Version : 17.2S052                                      )
(    Date/Time        : Wed Jul 01 23:55:56 2020                      )
(                                                                     )
(---------------------------------------------------------------------)


WARNING: Inside and touched board outline detected at location (1005.0000 0.0000) on layer 'BOARD GEOMETRY/OUTLINE'. IGNORED!
Warning: Cannot find the mapped STEP file "User Library-User Library-res0603_res0603_body.STEP" for the symbol "R0603". The package definition was exported.
Warning: Cannot find the mapped STEP file "User Library-TSSOP-8.STEP" for the symbol "TSSOP-8". The package definition was exported.


STEP file: ZWAVE_BOOSTERPACK
Design file: E:/TTTN/Z-ware_PirAnthena/Zwave_BoosterPack/ZWAVE_BOOSTERPACK.brd
Export units: Millimeter
STEP protocol: AP-242
Source identification: allegro_17.2S052
Export selected and highlighted parts?: NO
Export secondary parts?: NO
Export parts with mapped STEP Models?: YES
Ignore STEP definitions for mapped parts?: NO
Export parts without mapped STEP Models?: YES
Export assemblies and enclosures parts?: NO
Export mechanical drills?: YES
Export electrical through pin drills?: NO
Export electrical through via drills?: NO
Export bare board only?: NO
Export external copper?: NO
step_out complete.
