(---------------------------------------------------------------------)
(                                                                     )
(    Allegro Netrev Import Logic                                      )
(                                                                     )
(    Drawing          : WaterDetector_ver1.0.1.brd                    )
(    Software Version : 16.6S049                                      )
(    Date/Time        : Mon Mar 12 14:23:04 2018                      )
(                                                                     )
(---------------------------------------------------------------------)


------ Directives ------------

Ripup etch:                  No
Ripup delete first segment:  No
Ripup retain bondwire:       No
Ripup symbols:               Always
Missing symbol has error:    No
DRC update:                  Yes
Schematic directory:         'E:/1_Working/12. Water Detector/WaterDetector_ver1.0.1/1. Schematic'
Design Directory:            '.'
Old design name:             'E:/1_Working/12. Water Detector/WaterDetector_ver1.0.1/2. Layout/WaterDetector_ver1.0.1.brd'
New design name:             'E:/1_Working/12. Water Detector/WaterDetector_ver1.0.1/2. Layout/WaterDetector_ver1.0.1.brd'

CmdLine: netrev -$ -i E:/1_Working/12. Water Detector/WaterDetector_ver1.0.1/1. Schematic -y 1 -q netrev_constraint_report.xml E:/1_Working/12. Water Detector/WaterDetector_ver1.0.1/2. Layout/#Taaaadl02336.tmp

------ Preparing to read pst files ------

Starting to read E:/1_Working/12. Water Detector/WaterDetector_ver1.0.1/1. Schematic/pstchip.dat 
   Finished reading E:/1_Working/12. Water Detector/WaterDetector_ver1.0.1/1. Schematic/pstchip.dat (00:00:00.04)
Starting to read E:/1_Working/12. Water Detector/WaterDetector_ver1.0.1/1. Schematic/pstxprt.dat 
   Finished reading E:/1_Working/12. Water Detector/WaterDetector_ver1.0.1/1. Schematic/pstxprt.dat (00:00:00.00)
Starting to read E:/1_Working/12. Water Detector/WaterDetector_ver1.0.1/1. Schematic/pstxnet.dat 
   Finished reading E:/1_Working/12. Water Detector/WaterDetector_ver1.0.1/1. Schematic/pstxnet.dat (00:00:00.00)

------ Oversights/Warnings/Errors ------


------ Library Paths ------
MODULEPATH =  . 
           E:/Cadence/SPB_16.6/share/local/pcb/modules 
           E:/1_Working/2. Convectair_ver1.6.2/02_layout/symbol/ 

PSMPATH =  . 
           symbols 
           .. 
           ../symbols 
           E:/Cadence/SPB_16.6/share/local/pcb/symbols 
           E:/Cadence/SPB_16.6/share/pcb/pcb_lib/symbols 
           E:/Cadence/SPB_16.6/share/pcb/allegrolib/symbols 
           E:/1_Working/_Lib/4_Footprint/ 
           E:/1_Working/2. Convectair_ver1.6.2/02_layout/symbol/ 
           E:/1_Working/9. POE Test Plane/02_layout/symbols/ 

PADPATH =  . 
           symbols 
           .. 
           ../symbols 
           E:/Cadence/SPB_16.6/share/local/pcb/padstacks 
           E:/Cadence/SPB_16.6/share/pcb/pcb_lib/symbols 
           E:/Cadence/SPB_16.6/share/pcb/allegrolib/symbols 
           E:/1_Working/_Lib/4_Footprint/ 
           E:/1_Working/2. Convectair_ver1.6.2/02_layout/symbol/ 
           E:/1_Working/9. POE Test Plane/02_layout/symbols/ 


------ Summary Statistics ------


netrev run on Mar 12 14:23:04 2018
   DESIGN NAME : 'SCH'
   PACKAGING ON Oct 15 2014 05:53:32

   COMPILE 'logic'
   CHECK_PIN_NAMES OFF
   CROSS_REFERENCE OFF
   FEEDBACK OFF
   INCREMENTAL OFF
   INTERFACE_TYPE PHYSICAL
   MAX_ERRORS 500
   MERGE_MINIMUM 5
   NET_NAME_CHARS '#%&()*+-./:=>?@[]^_`|'
   NET_NAME_LENGTH 24
   OVERSIGHTS ON
   REPLACE_CHECK OFF
   SINGLE_NODE_NETS ON
   SPLIT_MINIMUM 0
   SUPPRESS   20
   WARNINGS ON

 No error detected
 No oversight detected
 No warning detected

cpu time      0:01:53
elapsed time  0:00:00

