{ Using PSTWRITER 16.6.0 d001Mar-12-2018 at 14:22:53 }

#1 WARNING(ORCAP-36006): Part Name "HEADER 2_TERMINALBLOCK3P5MM_EXT_POWER_12V" is renamed to "HEADER 2_TERMINALBLOCK3P5MM_EXT".
#2 WARNING(ORCAP-36006): Part Name "HEADER 2_TERMINALBLOCK3P5MM_EXT_LOAD" is renamed to "HEADER 2_TERMINALBLOCK3P5MM_E_1".
#3 WARNING(ORCAP-36006): Part Name "HEADER 2_TERMINALBLOCK3P5MM_EXT_SEN" is renamed to "HEADER 2_TERMINALBLOCK3P5MM_E_2".
#4 WARNING(ORCAP-36006): Part Name "INDUCTOR_IN4D_5X5_4.7UH/1.5A_CDRH8D43NP-6R8NC" is renamed to "INDUCTOR_IN4D_5X5_4.7UH/1.5A_CD".
#5 WARNING(ORCAP-36006): Part Name "SPEAKER_0_BUZZER_ST-0503_SPEAKER" is renamed to "SPEAKER_0_BUZZER_ST-0503_SPEAKE".
#6 WARNING(ORCAP-36006): Part Name "CR123AHOLDER_CR123A_HOLDER_CR123AHOLDER" is renamed to "CR123AHOLDER_CR123A_HOLDER_CR12".
#7 WARNING(ORCAP-36006): Part Name "2SC1130_0_SOT-23-3_MMBT2222A_MMBT2222ALT1G" is renamed to "2SC1130_0_SOT-23-3_MMBT2222A_MM".
#8 WARNING(ORCAP-36006): Part Name "Q2N1893_0_SOT-23-3_MMBT2222A_MMBT2222ALT1G" is renamed to "Q2N1893_0_SOT-23-3_MMBT2222A_MM".
#9 WARNING(ORCAP-36006): Part Name "RES-SM0402_1_R0603_DISCRETE_49.9K" is renamed to "RES-SM0402_1_R0603_DISCRETE_49.".
#10 WARNING(ORCAP-36006): Part Name "RESISTOR 0603_R0603_330R_RC0603JR-07330RL" is renamed to "RESISTOR 0603_R0603_330R_RC0603".
#11 WARNING(ORCAP-36006): Part Name "RESD,0402,5%,1/16W,4.7K_R0603_240R_5%" is renamed to "RESD,0402,5%,1/16W,4.7K_R0603_2".
#12 WARNING(ORCAP-36006): Part Name "RES-SM0402_0_R0603_DISCRETE_9.53K" is renamed to "RES-SM0402_0_R0603_DISCRETE_9.5".
#13 WARNING(ORCAP-36006): Part Name "SW PUSHBUTTON-SPST-2_TAMPERSW-ESE11MV1_DETECT SW" is renamed to "SW PUSHBUTTON-SPST-2_TAMPERSW-E".
#14 WARNING(ORCAP-36006): Part Name "BUTTON_FSM_0_B3U-1000P_BUTTON_FSM" is renamed to "BUTTON_FSM_0_B3U-1000P_BUTTON_F".
INFO(ORCAP-36080): Scanning netlist files ...

Loading... E:\1_WORKING\12. WATER DETECTOR\WATERDETECTOR_VER1.0.1\1. SCHEMATIC/pstchip.dat

Loading... E:\1_WORKING\12. WATER DETECTOR\WATERDETECTOR_VER1.0.1\1. SCHEMATIC/pstchip.dat

Loading... E:\1_WORKING\12. WATER DETECTOR\WATERDETECTOR_VER1.0.1\1. SCHEMATIC/pstxprt.dat

Loading... E:\1_WORKING\12. WATER DETECTOR\WATERDETECTOR_VER1.0.1\1. SCHEMATIC/pstxnet.dat
packaging the design view...