{ Using PSTWRITER 16.6.0 d001Aug-05-2019 at 13:40:52 }

#1 WARNING(ORCAP-36038): "No_connect" property on Pin "U2.12" ignored for U2: SCHEMATIC1, PAGE1 (9.30, 0.70). Connecting pin to net "MCU_MOSI".
#2 WARNING(ORCAP-36038): "No_connect" property on Pin "U2.13" ignored for U2: SCHEMATIC1, PAGE1 (9.30, 0.70). Connecting pin to net "MCU_MISO".
#3 WARNING(ORCAP-36038): "No_connect" property on Pin "U2.29" ignored for U2: SCHEMATIC1, PAGE1 (9.30, 0.70). Connecting pin to net "ZWARE_SPI_SCK".
#4 WARNING(ORCAP-36038): "No_connect" property on Pin "U2.17" ignored for U2: SCHEMATIC1, PAGE1 (9.30, 0.70). Connecting pin to net "CS_AT_N".
#5 WARNING(ORCAP-36038): "No_connect" property on Pin "U2.30" ignored for U2: SCHEMATIC1, PAGE1 (9.30, 0.70). Connecting pin to net "ZWARE_SPI_MISO".
#6 WARNING(ORCAP-36006): Part Name "HEADER 3X2_HEADER_3X2_HEADER 3X2" is renamed to "HEADER 3X2_HEADER_3X2_HEADER 3X".
#7 WARNING(ORCAP-36006): Part Name "HEADER 2X2_HEADER_2X2_HEADER 2X2" is renamed to "HEADER 2X2_HEADER_2X2_HEADER 2X".
#8 WARNING(ORCAP-36006): Part Name "HEADER 4_HEADER_4X1_2P54MM_HEADER 4" is renamed to "HEADER 4_HEADER_4X1_2P54MM_HEAD".
#9 WARNING(ORCAP-36006): Part Name "SW PUSHBUTTON-SPST-NC_SMD_TACT_SWITCH_2PIN_RST" is renamed to "SW PUSHBUTTON-SPST-NC_SMD_TACT_".
#10 WARNING(ORCAP-36006): Part Name "CP2102_1_QFN50P500X500X100-29N_CP2102" is renamed to "CP2102_1_QFN50P500X500X100-29N_".
#11 WARNING(ORCAP-36006): Part Name "ATMEGA128_0_QFP80P1600X1600X120-64N_ATMEGA128" is renamed to "ATMEGA128_0_QFP80P1600X1600X120".
#12 WARNING(ORCAP-36006): Part Name "AT25256/SOIC_TSSOP-8_AT25256/SOIC" is renamed to "AT25256/SOIC_TSSOP-8_AT25256/SO".
#13 WARNING(ORCAP-36006): Part Name "CRYSTAL_XTAL_ECS-250-20-4VX_CRYSTAL" is renamed to "CRYSTAL_XTAL_ECS-250-20-4VX_CRY".
INFO(ORCAP-36080): Scanning netlist files ...

Loading... E:\TTTN\Z-WAVEPROGRAMMER/pstchip.dat

Loading... E:\TTTN\Z-WAVEPROGRAMMER/pstchip.dat

Loading... E:\TTTN\Z-WAVEPROGRAMMER/pstxprt.dat

Loading... E:\TTTN\Z-WAVEPROGRAMMER/pstxnet.dat
packaging the design view...