(---------------------------------------------------------------------)
(                                                                     )
(    Allegro Netrev Import Logic                                      )
(                                                                     )
(    Drawing          : Z-WAVE PROG_new.brd                           )
(    Software Version : 16.6S049                                      )
(    Date/Time        : Mon Aug 05 13:40:54 2019                      )
(                                                                     )
(---------------------------------------------------------------------)


------ Directives ------------

Ripup etch:                  No
Ripup delete first segment:  No
Ripup retain bondwire:       No
Ripup symbols:               Always
Missing symbol has error:    No
DRC update:                  Yes
Schematic directory:         'E:\TTTN\Z-WAVEPROGRAMMER'
Design Directory:            'E:/TTTN/Z-WAVEPROGRAMMER/allegro'
Old design name:             'E:/TTTN/Z-waveProgrammer/allegro/Z-WAVE PROG_new.brd'
New design name:             'E:/TTTN/Z-WAVEPROGRAMMER/allegro/Z-WAVE PROG.brd'

CmdLine: netrev.exe -y 1 -i E:\TTTN\Z-WAVEPROGRAMMER E:\TTTN\Z-waveProgrammer\allegro\Z-WAVE PROG_new.brd E:\TTTN\Z-WAVEPROGRAMMER\allegro\Z-WAVE PROG.brd

------ Preparing to read pst files ------

Starting to read E:/TTTN/Z-WAVEPROGRAMMER/pstchip.dat 
   Finished reading E:/TTTN/Z-WAVEPROGRAMMER/pstchip.dat (00:00:00.05)
Starting to read E:/TTTN/Z-WAVEPROGRAMMER/pstxprt.dat 
   Finished reading E:/TTTN/Z-WAVEPROGRAMMER/pstxprt.dat (00:00:00.00)
Starting to read E:/TTTN/Z-WAVEPROGRAMMER/pstxnet.dat 
   Finished reading E:/TTTN/Z-WAVEPROGRAMMER/pstxnet.dat (00:00:00.00)

------ Oversights/Warnings/Errors ------


------ Library Paths ------
MODULEPATH =  . 
           C:/Cadence/SPB_16.6/share/local/pcb/modules 
           E:/TTTN/Orcad/lib/0_Lib/1_Footprint 

PSMPATH =  E:/TTTN/Orcad/lib/0_Lib/1_Footprint 
           . 
           symbols 
           .. 
           ../symbols 
           C:/Cadence/SPB_16.6/share/local/pcb/symbols 
           C:/Cadence/SPB_16.6/share/pcb/pcb_lib/symbols 
           C:/Cadence/SPB_16.6/share/pcb/allegrolib/symbols 

PADPATH =  E:/TTTN/Orcad/lib/0_Lib/1_Footprint 
           . 
           symbols 
           .. 
           ../symbols 
           C:/Cadence/SPB_16.6/share/local/pcb/padstacks 
           C:/Cadence/SPB_16.6/share/pcb/pcb_lib/symbols 
           C:/Cadence/SPB_16.6/share/pcb/allegrolib/symbols 


------ Summary Statistics ------


netrev run on Aug 5 13:40:54 2019
   DESIGN NAME : 'Z-WAVE PROG'
   PACKAGING ON Oct 15 2014 05:53:32

   COMPILE 'logic'
   CHECK_PIN_NAMES OFF
   CROSS_REFERENCE OFF
   FEEDBACK OFF
   INCREMENTAL OFF
   INTERFACE_TYPE PHYSICAL
   MAX_ERRORS 500
   MERGE_MINIMUM 5
   NET_NAME_CHARS '#%&()*+-./:=>?@[]^_`|'
   NET_NAME_LENGTH 24
   OVERSIGHTS ON
   REPLACE_CHECK OFF
   SINGLE_NODE_NETS ON
   SPLIT_MINIMUM 0
   SUPPRESS   20
   WARNINGS ON

 No error detected
 No oversight detected
 No warning detected

cpu time      0:00:41
elapsed time  0:00:00

